<?xml version="1.0" encoding="UTF-8"?>
<!-- Generated by org.testng.reporters.JUnitReportReporter -->
<testsuite hostname="NX00314" name="Tests.TestClass" tests="7" failures="0" timestamp="28 Feb 2020 06:22:37 GMT" time="19.679" errors="0">
  <testcase name="ReportTest" time="2.340" classname="Tests.TestClass"/>
  <testcase name="ProfileTest" time="1.940" classname="Tests.TestClass"/>
  <testcase name="AddSkill" time="3.707" classname="Tests.TestClass"/>
  <testcase name="RemoveSkill" time="1.024" classname="Tests.TestClass"/>
  <testcase name="LoginTest" time="4.352" classname="Tests.TestClass"/>
  <testcase name="Logout" time="0.596" classname="Tests.TestClass"/>
  <testcase name="EventTest" time="5.720" classname="Tests.TestClass"/>
</testsuite> <!-- Tests.TestClass -->
